gmake: Warning: File 'Makefile' has modification time 18611 s in the future
gmake[1]: Warning: File 'CMakeFiles/Makefile2' has modification time 18611 s in the future
gmake[2]: Warning: File 'CMakeFiles/my_robot_interfaces__cpp.dir/progress.make' has modification time 18611 s in the future
gmake[2]: Warning: File 'CMakeFiles/my_robot_interfaces__rosidl_generator_c.dir/progress.make' has modification time 18611 s in the future
gmake[2]: Warning: File 'CMakeFiles/ament_cmake_python_symlink_my_robot_interfaces.dir/progress.make' has modification time 18611 s in the future
[35m[1mConsolidate compiler generated dependencies of target my_robot_interfaces__rosidl_generator_c[0m
gmake[2]: warning:  Clock skew detected.  Your build may be incomplete.
gmake[2]: warning:  Clock skew detected.  Your build may be incomplete.
gmake[2]: warning:  Clock skew detected.  Your build may be incomplete.
gmake[2]: Warning: File 'CMakeFiles/ament_cmake_python_symlink_my_robot_interfaces.dir/progress.make' has modification time 18611 s in the future
gmake[2]: Warning: File 'CMakeFiles/my_robot_interfaces__cpp.dir/progress.make' has modification time 18611 s in the future
gmake[2]: warning:  Clock skew detected.  Your build may be incomplete.
gmake[2]: Warning: File 'CMakeFiles/my_robot_interfaces__rosidl_generator_c.dir/progress.make' has modification time 18611 s in the future
gmake[2]: warning:  Clock skew detected.  Your build may be incomplete.
failed to create symbolic link '/home/sambhav/ros2_ws/build/my_robot_interfaces/ament_cmake_python/my_robot_interfaces/my_robot_interfaces' because existing path cannot be removed: Is a directory
[  2%] Built target my_robot_interfaces__cpp
gmake[2]: *** [CMakeFiles/ament_cmake_python_symlink_my_robot_interfaces.dir/build.make:70: CMakeFiles/ament_cmake_python_symlink_my_robot_interfaces] Error 1
gmake[1]: *** [CMakeFiles/Makefile2:421: CMakeFiles/ament_cmake_python_symlink_my_robot_interfaces.dir/all] Error 2
gmake[1]: *** Waiting for unfinished jobs....
[ 12%] Built target my_robot_interfaces__rosidl_generator_c
gmake: *** [Makefile:146: all] Error 2
